{
  "stats": {
    "suites": 1,
    "tests": 5,
    "passes": 5,
    "pending": 0,
    "failures": 0,
    "start": "2021-03-05T00:46:41.106Z",
    "end": "2021-03-05T00:46:53.382Z",
    "duration": 12276,
    "testsRegistered": 5,
    "passPercent": 100,
    "pendingPercent": 0,
    "other": 0,
    "hasOther": false,
    "skipped": 0,
    "hasSkipped": false
  },
  "results": [
    {
      "uuid": "1ecd575f-e4cc-446e-a97c-949c6fd1f4c4",
      "title": "",
      "fullFile": "cypress/integration/specs/example_before_spec.js",
      "file": "cypress/integration/specs/example_before_spec.js",
      "beforeHooks": [],
      "afterHooks": [],
      "tests": [],
      "suites": [
        {
          "uuid": "b886cde2-11c5-48a6-937c-2b73e8b50ae7",
          "title": "Best Practices Demonstration",
          "fullFile": "",
          "file": "",
          "beforeHooks": [],
          "afterHooks": [],
          "tests": [
            {
              "title": "load the website",
              "fullTitle": "Best Practices Demonstration load the website",
              "timedOut": null,
              "duration": 4215,
              "state": "passed",
              "speed": "slow",
              "pass": true,
              "fail": false,
              "pending": false,
              "context": null,
              "code": "/*\n  Not recommended practice:  Passing the URL to commands\n*/\ncy.visit('http://automationpractice.com/index.php');",
              "err": {},
              "uuid": "ed9906fa-f711-45a2-9544-db0d53128942",
              "parentUUID": "b886cde2-11c5-48a6-937c-2b73e8b50ae7",
              "isHook": false,
              "skipped": false
            },
            {
              "title": "assertions on sign in button",
              "fullTitle": "Best Practices Demonstration assertions on sign in button",
              "timedOut": null,
              "duration": 98,
              "state": "passed",
              "speed": "slow",
              "pass": true,
              "fail": false,
              "pending": false,
              "context": null,
              "code": "cy.get('.login')\n/*\n  Not recommended practice:  One assertion\n*/\n.should('be.visible');",
              "err": {},
              "uuid": "f80608fb-c74d-4a33-81c9-b952759988ff",
              "parentUUID": "b886cde2-11c5-48a6-937c-2b73e8b50ae7",
              "isHook": false,
              "skipped": false
            },
            {
              "title": "click on sign in button",
              "fullTitle": "Best Practices Demonstration click on sign in button",
              "timedOut": null,
              "duration": 2708,
              "state": "passed",
              "speed": "slow",
              "pass": true,
              "fail": false,
              "pending": false,
              "context": null,
              "code": "cy.get('.login').click();\n/*\n  Not recommended practice: Code duplication for the same validation\n*/\ncy.contains('Email address').should('be.visible');\ncy.contains('Password').should('be.visible');",
              "err": {},
              "uuid": "e25cd95b-46fe-4fbd-a01c-27c34fa36fd8",
              "parentUUID": "b886cde2-11c5-48a6-937c-2b73e8b50ae7",
              "isHook": false,
              "skipped": false
            },
            {
              "title": "warning message",
              "fullTitle": "Best Practices Demonstration warning message",
              "timedOut": null,
              "duration": 1892,
              "state": "passed",
              "speed": "slow",
              "pass": true,
              "fail": false,
              "pending": false,
              "context": null,
              "code": "cy.get('#SubmitLogin > span').click();\n/*\n  Not recommended practice: UUse the explicit text to validation\n*/\ncy.get('#center_column > :nth-child(2)').should('contain', 'An email address required.');",
              "err": {},
              "uuid": "c9a849ad-18bd-47e0-9f71-50e4e477b569",
              "parentUUID": "b886cde2-11c5-48a6-937c-2b73e8b50ae7",
              "isHook": false,
              "skipped": false
            },
            {
              "title": "sign in",
              "fullTitle": "Best Practices Demonstration sign in",
              "timedOut": null,
              "duration": 3145,
              "state": "passed",
              "speed": "slow",
              "pass": true,
              "fail": false,
              "pending": false,
              "context": null,
              "code": "/*\n    Not recommended practice: Actions/functions in the same file\n*/\ncy.get('#email').type('demostration_test@test.com');\ncy.get('#passwd').type('user_testpsw');\ncy.get('#SubmitLogin > span').click();",
              "err": {},
              "uuid": "20392a15-ea7e-4ce4-b14c-a13c2c987540",
              "parentUUID": "b886cde2-11c5-48a6-937c-2b73e8b50ae7",
              "isHook": false,
              "skipped": false
            }
          ],
          "suites": [],
          "passes": [
            "ed9906fa-f711-45a2-9544-db0d53128942",
            "f80608fb-c74d-4a33-81c9-b952759988ff",
            "e25cd95b-46fe-4fbd-a01c-27c34fa36fd8",
            "c9a849ad-18bd-47e0-9f71-50e4e477b569",
            "20392a15-ea7e-4ce4-b14c-a13c2c987540"
          ],
          "failures": [],
          "pending": [],
          "skipped": [],
          "duration": 12058,
          "root": false,
          "rootEmpty": false,
          "_timeout": 2000
        }
      ],
      "passes": [],
      "failures": [],
      "pending": [],
      "skipped": [],
      "duration": 0,
      "root": true,
      "rootEmpty": true,
      "_timeout": 2000
    }
  ],
  "meta": {
    "mocha": {
      "version": "7.0.1"
    },
    "mochawesome": {
      "options": {
        "quiet": false,
        "reportFilename": "mochawesome",
        "saveHtml": true,
        "saveJson": true,
        "consoleReporter": "spec",
        "useInlineDiffs": false,
        "code": true
      },
      "version": "6.2.1"
    },
    "marge": {
      "options": null,
      "version": "5.1.0"
    }
  }
}